[Message:   BepInEx] BepInEx 5.4.21.0 - valheim (31.03.2023 20:56:33)
[Message:   BepInEx] User is running BepInExPack Valheim version 5.4.2105 from Thunderstore
[Info   :   BepInEx] Running under Unity v2020.3.45.6687953
[Info   :   BepInEx] CLR runtime version: 4.0.30319.42000
[Info   :   BepInEx] Supports SRE: True
[Info   :   BepInEx] System platform: Bits64, Windows
[Message:   BepInEx] Preloader started
[Info   :   BepInEx] Loaded 1 patcher method from [BepInEx.Preloader 5.4.21.0]
[Info   :   BepInEx] Loaded 1 patcher method from [SlimVML.Loader 1.1.0.0]
[Info   :   BepInEx] 2 patcher plugins loaded
[Info   :   BepInEx] Patching [UnityEngine.CoreModule] with [BepInEx.Chainloader]
[Info   :   SlimVML] Loading DLLs from D:\SteamLibrary\steamapps\common\Valheim\InSlimVML\Mods
[Warning:   SlimVML] Skipping 0Harmony.dll since it's in ignore list
[Info   :   SlimVML] Invoking static void SlimAssist.SlimAssist::Main(string[] args)
[Message:   BepInEx] Preloader finished
[Message:   BepInEx] Chainloader ready
[Message:   BepInEx] Chainloader started
[Info   :   BepInEx] 11 plugins to load
[Info   :   BepInEx] Loading [Valheim Configuration Manager 0.5.0]
[Info   :   BepInEx] Loading [Discard or Recycle Inventory Items 0.8.0]
[Info   :   BepInEx] Loading [Here Fishy 0.4.2]
[Info   : Unity Log] HereFishy getting audio clip from filename: file:///D:/SteamLibrary/steamapps/common/Valheim/BepInEx/plugins/HereFishy/herefishy.wav
[Info   :   BepInEx] Loading [Instant Monster Drop 0.4.0]
[Info   :   BepInEx] Loading [Jotunn 2.11.2]
[Info   :    Jotunn] Initializing LocalizationManager
[Info   :    Jotunn] Initializing CommandManager
[Info   :    Jotunn] Initializing InputManager
[Info   :    Jotunn] Initializing SkillManager
[Info   :    Jotunn] Initializing PrefabManager
[Info   :    Jotunn] Initializing ItemManager
[Info   :    Jotunn] Initializing PieceManager
[Info   :    Jotunn] Initializing CreatureManager
[Info   :    Jotunn] Initializing ZoneManager
[Info   :    Jotunn] Initializing MockManager
[Info   :    Jotunn] Initializing KitbashManager
[Info   :    Jotunn] Initializing GUIManager
[Info   :    Jotunn] Initializing KeyHintManager
[Info   :    Jotunn] Initializing NetworkManager
[Info   :    Jotunn] Initializing SynchronizationManager
[Info   :    Jotunn] Initializing RenderManager
[Info   :    Jotunn] Initializing MinimapManager
[Info   :    Jotunn] Initializing UndoManager
[Info   :    Jotunn] Jötunn v2.11.2 loaded successfully
[Info   :   BepInEx] Loading [TeleportEverything 2.1.0]
[Info   : Unity Log] 06/04/2023 09:34:10: Loaded localization file #0 - 'localization' language: 'English'

[Info   : Unity Log] 06/04/2023 09:34:10: Loaded localization file #1 - 'localization_extra' language: 'English'

[Info   : Unity Log] 06/04/2023 09:34:10: Loaded localization file #0 - 'localization' language: 'English'

[Info   : Unity Log] 06/04/2023 09:34:10: Loaded localization file #1 - 'localization_extra' language: 'English'

[Info   : Unity Log] TeleportEverything Loaded...
[Info   :   BepInEx] Loading [AllTameable-Overhaul 1.1.3]
[Info   :AllTameable-Overhaul] Found TameList file
[Info   :AllTameable-Overhaul] succesfully added Deer to the tametable
[Info   :AllTameable-Overhaul] succesfully added Boar to the tametable
[Info   :AllTameable-Overhaul] succesfully added Greyling to the tametable
[Info   :AllTameable-Overhaul] succesfully added Neck to the tametable
[Info   :AllTameable-Overhaul] succesfully added Eikthyr to the tametable
[Info   :AllTameable-Overhaul] succesfully added Greydwarf to the tametable
[Info   :AllTameable-Overhaul] succesfully added Skeleton to the tametable
[Info   :AllTameable-Overhaul] succesfully added Skeleton_Poison to the tametable
[Info   :AllTameable-Overhaul] succesfully added Surtling to the tametable
[Info   :AllTameable-Overhaul] succesfully added gd_king to the tametable
[Info   :AllTameable-Overhaul] succesfully added Blob to the tametable
[Info   :AllTameable-Overhaul] succesfully added Draugr to the tametable
[Info   :AllTameable-Overhaul] succesfully added Ghost to the tametable
[Info   :AllTameable-Overhaul] succesfully added Greydwarf_Shaman to the tametable
[Info   :AllTameable-Overhaul] succesfully added Leech to the tametable
[Info   :AllTameable-Overhaul] succesfully added Serpent to the tametable
[Info   :AllTameable-Overhaul] succesfully added Wraith to the tametable
[Info   :AllTameable-Overhaul] succesfully added BlobElite to the tametable
[Info   :AllTameable-Overhaul] succesfully added BlobTar to the tametable
[Info   :AllTameable-Overhaul] succesfully added Bonemass to the tametable
[Info   :AllTameable-Overhaul] succesfully added Greydwarf_Elite to the tametable
[Info   :AllTameable-Overhaul] succesfully added Deathsquito to the tametable
[Info   :AllTameable-Overhaul] succesfully added Draugr_Elite to the tametable
[Info   :AllTameable-Overhaul] succesfully added Fenring to the tametable
[Info   :AllTameable-Overhaul] succesfully added Goblin to the tametable
[Info   :AllTameable-Overhaul] succesfully added Hatchling to the tametable
[Info   :AllTameable-Overhaul] succesfully added Lox to the tametable
[Info   :AllTameable-Overhaul] succesfully added Troll to the tametable
[Info   :AllTameable-Overhaul] succesfully added Wolf to the tametable
[Info   :AllTameable-Overhaul] succesfully added Dragon to the tametable
[Info   :AllTameable-Overhaul] succesfully added GoblinBrute to the tametable
[Info   :AllTameable-Overhaul] succesfully added GoblinKing to the tametable
[Info   :AllTameable-Overhaul] succesfully added GoblinShaman to the tametable
[Info   :AllTameable-Overhaul] succesfully added StoneGolem to the tametable
[Info   :AllTameable-Overhaul] succesfully added Abomination to the tametable
[Info   :AllTameable-Overhaul] AllTameable:Your list has: Deer,  Boar,  Greyling,  Neck,  Eikthyr,  Greydwarf,  Skeleton,  Skeleton_Poison,  Surtling,  gd_king,  Blob,  Draugr,  Ghost,  Greydwarf_Shaman,  Leech,  Serpent,  Wraith,  BlobElite,  BlobTar,  Bonemass,  Greydwarf_Elite,  Deathsquito,  Draugr_Elite,  Fenring,  Goblin,  Hatchling,  Lox,  Troll,  Wolf,  Dragon,  GoblinBrute,  GoblinKing,  GoblinShaman,  StoneGolem,  Abomination,  
[Info   :AllTameable-Overhaul] Patching Select
[Info   :AllTameable-Overhaul] Check CLLC Failed: CLLC=False
[Info   :AllTameable-Overhaul] AllTameable Loaded
[Info   :   BepInEx] Loading [Valheim Plus 0.9.9.15]
[Info   :Valheim Plus] Trying to load the configuration file
[Info   :Valheim Plus] Found config file at: 'D:\SteamLibrary\steamapps\common\Valheim\BepInEx\config\valheim_plus.cfg'
[Info   :Valheim Plus] Loading config section AdvancedBuildingMode
[Info   :Valheim Plus]   Section is NOT enabled
[Info   :Valheim Plus] Loading config section AdvancedEditingMode
[Info   :Valheim Plus]   Section is NOT enabled
[Info   :Valheim Plus] Loading config section Bed
[Info   :Valheim Plus]   Section is enabled
[Info   :Valheim Plus]   Updating sleepWithoutSpawn from False to True
[Info   :Valheim Plus] Loading config section Beehive
[Info   :Valheim Plus]   Section is NOT enabled
[Info   :Valheim Plus] Loading config section Building
[Info   :Valheim Plus]   Section is NOT enabled
[Info   :Valheim Plus] Loading config section Deconstruct
[Info   :Valheim Plus]   Section is NOT enabled
[Info   :Valheim Plus] Loading config section Inventory
[Info   :Valheim Plus]   Section is enabled
[Info   :Valheim Plus]   Updating mergeWithExistingStacks from False to True
[Info   :Valheim Plus]   Updating playerInventoryRows from 4 to 5
[Info   :Valheim Plus] Loading config section Items
[Info   :Valheim Plus]   Section is NOT enabled
[Info   :Valheim Plus] Loading config section Fermenter
[Info   :Valheim Plus]   Section is NOT enabled
[Info   :Valheim Plus] Loading config section FireSource
[Info   :Valheim Plus]   Section is NOT enabled
[Info   :Valheim Plus] Loading config section Food
[Info   :Valheim Plus]   Section is NOT enabled
[Info   :Valheim Plus] Loading config section Smelter
[Info   :Valheim Plus]   Section is NOT enabled
[Info   :Valheim Plus] Loading config section Furnace
[Info   :Valheim Plus]   Section is NOT enabled
[Info   :Valheim Plus] Loading config section Hotkeys
[Info   :Valheim Plus]   Section is NOT enabled
[Info   :Valheim Plus] Loading config section Kiln
[Info   :Valheim Plus]   Section is NOT enabled
[Info   :Valheim Plus] Loading config section Windmill
[Info   :Valheim Plus]   Section is NOT enabled
[Info   :Valheim Plus] Loading config section SpinningWheel
[Info   :Valheim Plus]   Section is NOT enabled
[Info   :Valheim Plus] Loading config section Map
[Info   :Valheim Plus]   Section is enabled
[Info   :Valheim Plus]   Updating shareMapProgression from False to True
[Info   :Valheim Plus]   Updating exploreRadius from 50 to 100
[Info   :Valheim Plus]   Updating preventPlayerFromTurningOffPublicPosition from False to True
[Info   :Valheim Plus]   Updating shareAllPins from False to True
[Info   :Valheim Plus]   Updating displayCartsAndBoats from False to True
[Info   :Valheim Plus] Loading config section Player
[Info   :Valheim Plus]   Section is enabled
[Info   :Valheim Plus]   Updating baseUnarmedDamage from 0 to 70
[Info   :Valheim Plus]   Updating autoEquipShield from False to True
[Info   :Valheim Plus]   Updating autoUnequipShield from False to True
[Info   :Valheim Plus]   Updating reequipItemsAfterSwimming from False to True
[Info   :Valheim Plus] Loading config section Server
[Info   :Valheim Plus]   Section is enabled
[Info   :Valheim Plus]   Updating serverSyncHotkeys from True to False
[Info   :Valheim Plus] Loading config section Stamina
[Info   :Valheim Plus]   Section is NOT enabled
[Info   :Valheim Plus] Loading config section StaminaUsage
[Info   :Valheim Plus]   Section is NOT enabled
[Info   :Valheim Plus] Loading config section Workbench
[Info   :Valheim Plus]   Section is enabled
[Info   :Valheim Plus]   Updating disableRoofCheck from False to True
[Info   :Valheim Plus] Loading config section Time
[Info   :Valheim Plus]   Section is NOT enabled
[Info   :Valheim Plus] Loading config section Ward
[Info   :Valheim Plus]   Section is NOT enabled
[Info   :Valheim Plus] Loading config section StructuralIntegrity
[Info   :Valheim Plus]   Section is NOT enabled
[Info   :Valheim Plus] Loading config section Tameable
[Info   :Valheim Plus]   Section is NOT enabled
[Info   :Valheim Plus] Loading config section Hud
[Info   :Valheim Plus]   Section is enabled
[Info   :Valheim Plus]   Updating showRequiredItems from False to True
[Info   :Valheim Plus]   Updating experienceGainedNotifications from False to True
[Info   :Valheim Plus]   Updating displayBowAmmoCounts from 0 to 2
[Info   :Valheim Plus] Loading config section Experience
[Info   :Valheim Plus]   Section is NOT enabled
[Info   :Valheim Plus] Loading config section Camera
[Info   :Valheim Plus]   Section is NOT enabled
[Info   :Valheim Plus] Loading config section Game
[Info   :Valheim Plus]   Section is NOT enabled
[Info   :Valheim Plus] Loading config section Wagon
[Info   :Valheim Plus]   Section is NOT enabled
[Info   :Valheim Plus] Loading config section Gathering
[Info   :Valheim Plus]   Section is NOT enabled
[Info   :Valheim Plus] Loading config section Pickable
[Info   :Valheim Plus]   Section is NOT enabled
[Info   :Valheim Plus] Loading config section Durability
[Info   :Valheim Plus]   Section is NOT enabled
[Info   :Valheim Plus] Loading config section Armor
[Info   :Valheim Plus]   Section is NOT enabled
[Info   :Valheim Plus] Loading config section FreePlacementRotation
[Info   :Valheim Plus]   Section is NOT enabled
[Info   :Valheim Plus] Loading config section Shields
[Info   :Valheim Plus]   Section is NOT enabled
[Info   :Valheim Plus] Loading config section FirstPerson
[Info   :Valheim Plus]   Section is enabled
[Info   :Valheim Plus]   Updating hotkey from F10 to F1
[Info   :Valheim Plus] Loading config section GridAlignment
[Info   :Valheim Plus]   Section is NOT enabled
[Info   :Valheim Plus] Loading config section CraftFromChest
[Info   :Valheim Plus]   Section is enabled
[Info   :Valheim Plus]   Updating disableCookingStation from False to True
[Info   :Valheim Plus]   Updating checkFromWorkbench from True to False
[Info   :Valheim Plus] Loading config section ValheimPlus
[Info   :Valheim Plus]   Section is enabled
[Info   :Valheim Plus]   Updating serverBrowserAdvertisement from True to False
[Info   :Valheim Plus] Loading config section PlayerProjectile
[Info   :Valheim Plus]   Section is NOT enabled
[Info   :Valheim Plus] Loading config section MonsterProjectile
[Info   :Valheim Plus]   Section is NOT enabled
[Info   :Valheim Plus] Loading config section GameClock
[Info   :Valheim Plus]   Section is enabled
[Info   :Valheim Plus] Loading config section Brightness
[Info   :Valheim Plus]   Section is NOT enabled
[Info   :Valheim Plus] Loading config section Chat
[Info   :Valheim Plus]   Section is NOT enabled
[Info   :Valheim Plus] Configuration file loaded succesfully.
[Info   :Valheim Plus] ValheimPlus [0.9.9.15] is up to date.
[Info   :   BepInEx] Loading [Display BepInEx Info In-Game 2.0.1]
[Info   :   BepInEx] Loading [Equipment and Quick Slots 2.1.2]
[Info   :   BepInEx] Loading [MassFarming 1.5]
[Message:   BepInEx] Chainloader startup complete
[Info   : Unity Log] ConfigurationManager Searching for vanilla Config Manager.
[Info   : Unity Log] ConfigurationManager Vanilla Config Manager not found.
[Info   : Unity Log] 06/04/2023 09:34:13: Starting to load scene:start

[Info   : Unity Log] HereFishy audio clip is not null. samples: 123169
[Info   : Unity Log] HereFishy filename: file:///D:/SteamLibrary/steamapps/common/Valheim/BepInEx/plugins/HereFishy/wee.wav
[Info   : Unity Log] HereFishy audio clip is not null. samples: 26443
[Warning: Unity Log] Only custom filters can be played. Please add a custom filter or an audioclip to the audiosource (Amb_MainMenu).
[Info   : Unity Log] 06/04/2023 09:34:15: Using environment steamid 892970

[Info   : Unity Log] 06/04/2023 09:34:15: Using steam APPID:892970

[Info   : Unity Log] 06/04/2023 09:34:15: Authentication:k_ESteamNetworkingAvailability_Attempting

[Info   : Unity Log] 06/04/2023 09:34:15: Steam initialized, persona:Handsome Speck

[Info   : Unity Log] 06/04/2023 09:34:15: PlayFab custom ID set to "Steam_76561198042851687"

[Info   : Unity Log] 06/04/2023 09:34:15: Using default prefs

[Info   : Unity Log] 06/04/2023 09:34:15: Valheim version: 0.215.2 (network version 1)

[Info   : Unity Log] 06/04/2023 09:34:15: Worldgenerator version setup:2

[Info   :Jotunn.Managers.CommandManager] Adding 1 commands to the Console
[Info   : Unity Log] 06/04/2023 09:34:15: Render threading mode:MultiThreaded

[Warning: Unity Log] 06/04/2023 09:34:15: Missing audio clip in music respawn

[Info   : Unity Log] 06/04/2023 09:34:15: Checking for installed DLCs

[Info   : Unity Log] 06/04/2023 09:34:15: DLC:beta installed:False

[Info   :Jotunn.Managers.ItemManager] Adding 1 custom items to the ObjectDB
[Info   : Unity Log] 06/04/2023 09:34:15: Sending PlayFab login request (attempt 1)

[Info   : Unity Log] 06/04/2023 09:34:15: Ticket is System.Byte[] of length 369

[Info   : Unity Log] 06/04/2023 09:34:15: Session auth respons callback

[Info   : Unity Log] 06/04/2023 09:34:15: Starting music menu

[Info   : Unity Log] 06/04/2023 09:34:15: UI Group status changed Menu = True

[Info   : Unity Log] 06/04/2023 09:34:16: PlayFab logged in as "Steam_76561198042851687"

[Info   : Unity Log] 06/04/2023 09:34:16: PlayFab local entity ID is 29BBE5C2FEC83B2C

[Info   : Unity Log] 06/04/2023 09:34:17: UI Group status changed Menu = True

[Info   : Unity Log] 06/04/2023 09:34:19: Found selected Start game

[Info   : Unity Log] 06/04/2023 09:34:19: show character selection

[Info   : Unity Log] 06/04/2023 09:34:37: show character selection

[Info   : Unity Log] 06/04/2023 09:34:37: UI Group status changed SelectCharacter = True

[Info   : Unity Log] 06/04/2023 09:34:40: OnCharacterStart

[Info   : Unity Log] 06/04/2023 09:34:58: Button pressed Start  frame:2516

[Info   : Unity Log] 06/04/2023 09:34:59: Loading main scene

[Info   : Unity Log] 06/04/2023 09:34:59: Steam initialized, persona:Handsome Speck

[Info   : Unity Log] 06/04/2023 09:34:59: PlayFab custom ID set to "Steam_76561198042851687"

[Info   : Unity Log] 06/04/2023 09:34:59: Using default prefs

[Info   :Jotunn.Managers.CommandManager] Adding 1 commands to the Console
[Info   : Unity Log] 06/04/2023 09:34:59: Loading player profile olaf

[Info   : Unity Log] 06/04/2023 09:34:59: isModded: True

[Info   : Unity Log] 06/04/2023 09:34:59: Zonesystem Awake 2606

[Info   : Unity Log] 06/04/2023 09:34:59: DungeonDB Awake 2606

[Info   : Unity Log] 06/04/2023 09:34:59: Steam initialized, persona:Handsome Speck

[Info   : Unity Log] 06/04/2023 09:34:59: Registering lobby

[Info   : Unity Log] 06/04/2023 09:34:59: Worldgenerator version setup:1

[Info   : Unity Log] Registered 'com.kpro.TeleportEverything ConfigSync' RPC - waiting for incoming connections
[Info   :Jotunn.Managers.PrefabManager] Adding 4 custom prefabs to the ZNetScene
[Info   : Unity Log] 06/04/2023 09:35:01: Audioman already exist, destroying self

[Info   : Unity Log] 06/04/2023 09:35:01: Checking for installed DLCs

[Info   : Unity Log] 06/04/2023 09:35:01: DLC:beta installed:False

[Info   :Jotunn.Managers.ItemManager] Adding 1 custom items to the ObjectDB
[Info   :Jotunn.Managers.ItemManager] Adding 1 custom recipes to the ObjectDB
[Info   :Valheim Plus] Loaded 100516 map points from disk.
[Info   :AllTameable-Overhaul] Succesfully registered HatchingDragonEgg
[Info   :Jotunn.Managers.NetworkManager] Registering 2 custom RPCs
[Info   : Unity Log] 06/04/2023 09:35:04: Zonesystem Start 2606

[Info   : Unity Log] 06/04/2023 09:35:04: Added 3 locations, 0 vegetations, 0 environments, 0 biome env-setups, 0 clutter  from locations_cp1

[Info   : Unity Log] 06/04/2023 09:35:04: Added 1 locations, 0 vegetations, 1 environments, 0 biome env-setups, 0 clutter  from locations_mountaincaves

[Info   : Unity Log] 06/04/2023 09:35:04: Added 27 locations, 25 vegetations, 5 environments, 1 biome env-setups, 3 clutter  from locations_mistlands

[Info   : Unity Log] 06/04/2023 09:35:04: DungeonDB Start 2606

[Info   : Unity Log] 06/04/2023 09:35:05: ZRpc timeout set to 30s 

[Info   : Unity Log] 06/04/2023 09:35:05: Load world: Kerstin (Kerstin)

[Info   : Unity Log] 06/04/2023 09:35:05: Loading 523855 zdos , my id -1162323934 data version:29

[Info   : Unity Log] 06/04/2023 09:35:06: Loaded 100000 dead zdos

[Info   : Unity Log] 06/04/2023 09:35:06: Removed 0 OLD generated ZDOS

[Info   : Unity Log] 06/04/2023 09:35:06: Loaded 9996 locations

[Info   : Unity Log] 06/04/2023 09:35:06: Unloading unused assets

[Info   : Unity Log] 06/04/2023 09:35:06: Lobby was created k_EResultOK  109775242076743187  error:False

[Info   : Unity Log] 06/04/2023 09:35:06: Got requested lobby data

[Info   : Unity Log] 06/04/2023 09:35:06: Session auth respons callback

[Info   : Unity Log] 06/04/2023 09:35:11: Unpacking compressed mapdata 17306

[Info   : Unity Log] 06/04/2023 09:35:12: Got requested lobby data

[Info   : Unity Log] 06/04/2023 09:35:12: Starting respawn

[Info   : Unity Log] 06/04/2023 09:35:12: tip:$loadscreen_tip13

[Info   : Unity Log] 06/04/2023 09:35:16: Force generaeting hmap (-128.0, 0.0, -256.0)

[Info   : Unity Log] 06/04/2023 09:35:20: Spawned after 8,019994

[Info   :Valheim Plus] -------------------- SENDING VPLUSMAPSYNC DATA
[Info   :Valheim Plus] Sent my map data to the server (1444 map ranges, 1 chunks)
[Info   : Unity Log] 06/04/2023 09:35:20: Queue unlock msg:$msg_newrecipe:$item_helmet_fishinghat

[Info   : Unity Log] 06/04/2023 09:35:20: Skipping unloading unused assets

[Info   : Unity Log] 06/04/2023 09:35:20: Minimap: Adding unique location (-70.1, 63.4, -5.0)

[Info   : Unity Log] 06/04/2023 09:35:20: Minimap: Adding unique location (-1517.8, 37.0, -838.8)

[Info   : Unity Log] 06/04/2023 09:35:22: Starting music meadows

[Info   : Unity Log] 06/04/2023 09:35:22: Resumed music meadows at 0

[Info   : Unity Log] 06/04/2023 09:35:28: Force generaeting hmap (0.0, 0.0, -128.0)

[Info   : Unity Log] 06/04/2023 09:35:44: Force generaeting hmap (0.0, 0.0, -128.0)

[Info   : Unity Log] 06/04/2023 09:35:46: Setting selected recipe 0

[Info   : Unity Log] 06/04/2023 09:35:46: UI Group status changed root = True

[Info   : Unity Log] 06/04/2023 09:35:46: UI Group status changed QuickSlotGrid = True

[Info   : Unity Log] 06/04/2023 09:35:53: Setting selected recipe 45

[Info   : Unity Log] 06/04/2023 09:36:57: UI Group status changed MenuRoot = False

[Info   : Unity Log] 06/04/2023 09:36:58: Game - OnApplicationQuit

[Info   : Unity Log] 06/04/2023 09:36:58: Shuting down

[Info   : Unity Log] 06/04/2023 09:36:58: Uncompressed size 8393989

[Info   : Unity Log] 06/04/2023 09:36:58: Compressed size 17306

[Info   : Unity Log] saving started
[Info   : Unity Log] 06/04/2023 09:36:58: Cloud Save: 4228302 bytes. /characters/olaf.fch.new

[Info   : Unity Log] 06/04/2023 09:36:58: Steam writing file chunks 1 / 1, (4228302 bytes)

[Info   : Unity Log] 06/04/2023 09:36:59: Steam Cloud Move: 4228234 bytes. /characters/olaf.fch -> /characters/olaf.fch.old

[Info   : Unity Log] 06/04/2023 09:36:59: Steam writing file chunks 1 / 1, (4228234 bytes)

[Info   : Unity Log] 06/04/2023 09:36:59: Steam Cloud Move: 4228302 bytes. /characters/olaf.fch.new -> /characters/olaf.fch

[Info   : Unity Log] 06/04/2023 09:36:59: Steam writing file chunks 1 / 1, (4228302 bytes)

[Info   : Unity Log] 06/04/2023 09:36:59: Considering autobackup. World time: 103,22, short time: 7200, long time: 43200, backup count: 4

[Info   : Unity Log] 06/04/2023 09:36:59: Skipping backup. World session not long enough.

[Info   : Unity Log] saving finished
[Info   :AllTameable-Overhaul] Clearing TameLists
[Info   :Valheim Plus] Saved 100516 map points to disk.
[Info   : Unity Log] 06/04/2023 09:36:59: ZNet Shutdown

[Info   : Unity Log] 06/04/2023 09:36:59: clone 425

[Info   : Unity Log] 06/04/2023 09:37:00: Unloading unused assets

[Info   : Unity Log] 06/04/2023 09:37:00: Sending disconnect msg

[Info   : Unity Log] 06/04/2023 09:37:00: Disposing socket

[Info   : Unity Log] 06/04/2023 09:37:00: Stopping listening socket

[Info   : Unity Log] 06/04/2023 09:37:00: Last socket, unregistering callback

[Info   : Unity Log] 06/04/2023 09:37:00: ZSteamSocket  UnregisterGlobalCallbacks, existing sockets:0

[Info   : Unity Log] 06/04/2023 09:37:03: Found selected Button_yes

[Info   : Unity Log] 06/04/2023 09:37:03: ZNet OnDestroy

[Info   : Unity Log] 06/04/2023 09:37:03: Net scene destroyed

[Info   : Unity Log] 06/04/2023 09:37:03: Steam manager on destroy

[Warning: Unity Log] 06/04/2023 09:37:04: Local player destroyed

